[
	{
		"Plan": {
			"Node Type": "Sort",
			"Parallel Aware": false,
			"Async Capable": false,
			"Startup Cost": 279.28,
			"Total Cost": 279.28,
			"Plan Rows": 1,
			"Plan Width": 283,
			"Sort Key": ["(((pr.first_name)::text <> 'Unknown'::text)) DESC", "pr.last_name", "pr.first_name"],
			"Plans": [
				{
					"Node Type": "Subquery Scan",
					"Parent Relationship": "Outer",
					"Parallel Aware": false,
					"Async Capable": false,
					"Alias": "pr",
					"Startup Cost": 279.25,
					"Total Cost": 279.27,
					"Plan Rows": 1,
					"Plan Width": 283,
					"Plans": [
						{
							"Node Type": "Unique",
							"Parent Relationship": "Subquery",
							"Parallel Aware": false,
							"Async Capable": false,
							"Startup Cost": 279.25,
							"Total Cost": 279.26,
							"Plan Rows": 1,
							"Plan Width": 1044,
							"Plans": [
								{
									"Node Type": "Sort",
									"Parent Relationship": "Outer",
									"Parallel Aware": false,
									"Async Capable": false,
									"Startup Cost": 279.25,
									"Total Cost": 279.25,
									"Plan Rows": 1,
									"Plan Width": 1044,
									"Sort Key": ["vw_provider_wi.provider_id"],
									"Plans": [
										{
											"Node Type": "Subquery Scan",
											"Parent Relationship": "Outer",
											"Parallel Aware": false,
											"Async Capable": false,
											"Alias": "vw_provider_wi",
											"Startup Cost": 279.18,
											"Total Cost": 279.24,
											"Plan Rows": 1,
											"Plan Width": 1044,
											"Plans": [
												{
													"Node Type": "Unique",
													"Parent Relationship": "Subquery",
													"Parallel Aware": false,
													"Async Capable": false,
													"Startup Cost": 279.18,
													"Total Cost": 279.23,
													"Plan Rows": 1,
													"Plan Width": 630,
													"Plans": [
														{
															"Node Type": "Sort",
															"Parent Relationship": "Outer",
															"Parallel Aware": false,
															"Async Capable": false,
															"Startup Cost": 279.18,
															"Total Cost": 279.19,
															"Plan Rows": 1,
															"Plan Width": 630,
															"Sort Key": ["providers.provider_lov"],
															"Plans": [
																{
																	"Node Type": "Nested Loop",
																	"Parent Relationship": "Outer",
																	"Parallel Aware": false,
																	"Async Capable": false,
																	"Join Type": "Inner",
																	"Startup Cost": 96.69,
																	"Total Cost": 279.17,
																	"Plan Rows": 1,
																	"Plan Width": 630,
																	"Inner Unique": true,
																	"Join Filter": "(work_items.work_item_type_id = work_item_types.work_item_type_id)",
																	"Plans": [
																		{
																			"Node Type": "Nested Loop",
																			"Parent Relationship": "Outer",
																			"Parallel Aware": false,
																			"Async Capable": false,
																			"Join Type": "Inner",
																			"Startup Cost": 96.69,
																			"Total Cost": 277.97,
																			"Plan Rows": 1,
																			"Plan Width": 470,
																			"Inner Unique": true,
																			"Join Filter": "(work_items.facility_id = facilities.facility_id)",
																			"Plans": [
																				{
																					"Node Type": "Nested Loop",
																					"Parent Relationship": "Outer",
																					"Parallel Aware": false,
																					"Async Capable": false,
																					"Join Type": "Inner",
																					"Startup Cost": 96.69,
																					"Total Cost": 269.87,
																					"Plan Rows": 1,
																					"Plan Width": 459,
																					"Inner Unique": true,
																					"Plans": [
																						{
																							"Node Type": "Nested Loop",
																							"Parent Relationship": "Outer",
																							"Parallel Aware": false,
																							"Async Capable": false,
																							"Join Type": "Inner",
																							"Startup Cost": 96.56,
																							"Total Cost": 269.15,
																							"Plan Rows": 1,
																							"Plan Width": 377,
																							"Inner Unique": false,
																							"Plans": [
																								{
																									"Node Type": "Hash Join",
																									"Parent Relationship": "Outer",
																									"Parallel Aware": false,
																									"Async Capable": false,
																									"Join Type": "Inner",
																									"Startup Cost": 96.56,
																									"Total Cost": 265.44,
																									"Plan Rows": 1,
																									"Plan Width": 361,
																									"Inner Unique": false,
																									"Hash Cond": "(providers.provider_id = provider_wi.provider_id)",
																									"Plans": [
																										{
																											"Node Type": "Seq Scan",
																											"Parent Relationship": "Outer",
																											"Parallel Aware": false,
																											"Async Capable": false,
																											"Relation Name": "providers",
																											"Alias": "providers",
																											"Startup Cost": 0.00,
																											"Total Cost": 166.73,
																											"Plan Rows": 26,
																											"Plan Width": 289,
																											"Filter": "((provider_lov)::text ~~ 'A%'::text)"
																										},
																										{
																											"Node Type": "Hash",
																											"Parent Relationship": "Inner",
																											"Parallel Aware": false,
																											"Async Capable": false,
																											"Startup Cost": 95.76,
																											"Total Cost": 95.76,
																											"Plan Rows": 64,
																											"Plan Width": 80,
																											"Plans": [
																												{
																													"Node Type": "Bitmap Heap Scan",
																													"Parent Relationship": "Outer",
																													"Parallel Aware": false,
																													"Async Capable": false,
																													"Relation Name": "provider_wi",
																													"Alias": "provider_wi",
																													"Startup Cost": 4.78,
																													"Total Cost": 95.76,
																													"Plan Rows": 64,
																													"Plan Width": 80,
																													"Recheck Cond": "(work_item_id = 29)",
																													"Plans": [
																														{
																															"Node Type": "Bitmap Index Scan",
																															"Parent Relationship": "Outer",
																															"Parallel Aware": false,
																															"Async Capable": false,
																															"Index Name": "idx_provider_wi_work_item_id_client_ref",
																															"Startup Cost": 0.00,
																															"Total Cost": 4.77,
																															"Plan Rows": 64,
																															"Plan Width": 0,
																															"Index Cond": "(work_item_id = 29)"
																														}
																													]
																												}
																											]
																										}
																									]
																								},
																								{
																									"Node Type": "Seq Scan",
																									"Parent Relationship": "Inner",
																									"Parallel Aware": false,
																									"Async Capable": false,
																									"Relation Name": "work_items",
																									"Alias": "work_items",
																									"Startup Cost": 0.00,
																									"Total Cost": 3.70,
																									"Plan Rows": 1,
																									"Plan Width": 24,
																									"Filter": "(work_item_id = 29)"
																								}
																							]
																						},
																						{
																							"Node Type": "Index Scan",
																							"Parent Relationship": "Inner",
																							"Parallel Aware": false,
																							"Async Capable": false,
																							"Scan Direction": "Forward",
																							"Index Name": "provider_types_pkey",
																							"Relation Name": "provider_types",
																							"Alias": "provider_types",
																							"Startup Cost": 0.13,
																							"Total Cost": 0.61,
																							"Plan Rows": 1,
																							"Plan Width": 90,
																							"Index Cond": "(provider_type_id = providers.provider_type_id)"
																						}
																					]
																				},
																				{
																					"Node Type": "Seq Scan",
																					"Parent Relationship": "Inner",
																					"Parallel Aware": false,
																					"Async Capable": false,
																					"Relation Name": "facilities",
																					"Alias": "facilities",
																					"Startup Cost": 0.00,
																					"Total Cost": 6.38,
																					"Plan Rows": 138,
																					"Plan Width": 27
																				}
																			]
																		},
																		{
																			"Node Type": "Seq Scan",
																			"Parent Relationship": "Inner",
																			"Parallel Aware": false,
																			"Async Capable": false,
																			"Relation Name": "work_item_types",
																			"Alias": "work_item_types",
																			"Startup Cost": 0.00,
																			"Total Cost": 1.09,
																			"Plan Rows": 9,
																			"Plan Width": 176
																		}
																	]
																}
															]
														}
													]
												}
											]
										}
									]
								}
							]
						}
					]
				}
			]
		}
	}
]